<?xml version="1.0" encoding="UTF-8"?>
<!-- Generated by org.testng.reporters.JUnitReportReporter -->
<testsuite hostname="DESKTOP-N60QB27" failures="0" tests="1" name="testcases.LoginTest" time="0.718" errors="0" timestamp="2022-12-26T11:22:02 IST" skipped="0">
  <testcase classname="testcases.LoginTest" name="loginTest" time="0.718"/>
  <system-out/>
</testsuite> <!-- testcases.LoginTest -->
