<?xml version="1.0" encoding="UTF-8"?>
<!-- Generated by org.testng.reporters.JUnitReportReporter -->
<testsuite hostname="DESKTOP-N60QB27" failures="0" tests="1" name="tests.launchTest" time="23.880" errors="0" timestamp="2022-12-26T10:50:05 IST" skipped="0">
  <testcase classname="tests.launchTest" name="launch" time="23.880"/>
</testsuite> <!-- tests.launchTest -->
